
=== Thu Jan 21 15:24:31 2021

Packages were changed.
Update Mode: mergeDefaultDependencies

The following packages were added:
  com.unity.collab-proxy@1.2.16
  com.unity.modules.ai@1.0.0
  com.unity.modules.cloth@1.0.0
  com.unity.modules.director@1.0.0
  com.unity.modules.physics2d@1.0.0
  com.unity.modules.terrain@1.0.0
  com.unity.modules.terrainphysics@1.0.0
  com.unity.modules.tilemap@1.0.0
  com.unity.modules.vehicles@1.0.0
  com.unity.modules.vr@1.0.0
  com.unity.modules.wind@1.0.0
  com.unity.modules.xr@1.0.0
  com.unity.timeline@1.2.17
The following packages were updated:
  com.unity.mobile.notifications from version 1.0.3 to 1.3.2

=== Thu May 13 16:50:06 2021

Packages were changed.
Update Mode: updateDependencies

The following packages were added:
  com.unity.ide.visualstudio@2.0.7
The following packages were updated:
  com.unity.collab-proxy from version 1.2.16 to 1.3.9
  com.unity.ide.rider from version 1.1.4 to 2.0.7
  com.unity.mobile.android-logcat from version 1.2.0 to 1.2.1
  com.unity.render-pipelines.universal from version 7.3.1 to 10.5.0
  com.unity.test-framework from version 1.1.20 to 1.1.24
  com.unity.textmeshpro from version 2.1.3 to 3.0.1
  com.unity.timeline from version 1.2.17 to 1.4.7

=== Fri Jul 30 15:45:03 2021

Packages were changed.
Update Mode: updateDependencies

The following packages were updated:
  com.unity.collab-proxy from version 1.3.9 to 1.5.7
  com.unity.ide.visualstudio from version 2.0.7 to 2.0.9
  com.unity.mobile.android-logcat from version 1.2.1 to 1.2.2
  com.unity.test-framework from version 1.1.24 to 1.1.26
  com.unity.textmeshpro from version 3.0.1 to 3.0.6
  com.unity.timeline from version 1.4.7 to 1.4.8
