Using pre-set license
Built from '2020.3/staging' branch; Version is '2020.3.8f1 (507919d4fff5) revision 5273881'; Using compiler version '192528614'; Build Type 'Release'
OS: 'Windows 10 Home; OS build 19041.985; Version 2004; 64bit' Language: 'en' Physical Memory: 16303 MB
BatchMode: 1, IsHumanControllingUs: 0, StartBugReporterOnCrash: 0, Is64bit: 1, IsPro: 0

 COMMAND LINE ARGUMENTS:
C:\Program Files\Unity Editors\2020.3.8f1\Editor\Unity.exe
-adb2
-batchMode
-noUpm
-name
AssetImportWorker0
-projectPath
D:/Zodiac Ram/Sam Hits Things/r_Sam/Sam Hits Things/Sam Hits Things
-logFile
Logs/AssetImportWorker0.log
-srvPort
63599
Successfully changed project path to: D:/Zodiac Ram/Sam Hits Things/r_Sam/Sam Hits Things/Sam Hits Things
D:/Zodiac Ram/Sam Hits Things/r_Sam/Sam Hits Things/Sam Hits Things
Using Asset Import Pipeline V2.
Refreshing native plugins compatible for Editor in 158.14 ms, found 0 plugins.
Preloading 0 native plugins for Editor in 0.00 ms.
Initialize engine version: 2020.3.8f1 (507919d4fff5)
[Subsystems] Discovering subsystems at path C:/Program Files/Unity Editors/2020.3.8f1/Editor/Data/Resources/UnitySubsystems
[Subsystems] Discovering subsystems at path D:/Zodiac Ram/Sam Hits Things/r_Sam/Sam Hits Things/Sam Hits Things/Assets
GfxDevice: creating device client; threaded=0
Direct3D:
    Version:  Direct3D 11.0 [level 11.1]
    Renderer: NVIDIA GeForce GTX 1660 Ti (ID=0x2191)
    Vendor:   
    VRAM:     5991 MB
    Driver:   27.21.14.6192
Shader 'Universal Render Pipeline/Particles/Lit': fallback shader 'Universal Render Pipeline/Particles/SimpleLit' not found
Initialize mono
Mono path[0] = 'C:/Program Files/Unity Editors/2020.3.8f1/Editor/Data/Managed'
Mono path[1] = 'C:/Program Files/Unity Editors/2020.3.8f1/Editor/Data/MonoBleedingEdge/lib/mono/unityjit'
Mono config path = 'C:/Program Files/Unity Editors/2020.3.8f1/Editor/Data/MonoBleedingEdge/etc'
Using monoOptions --debugger-agent=transport=dt_socket,embedding=1,server=y,suspend=n,address=127.0.0.1:56572
Begin MonoManager ReloadAssembly
Registering precompiled unity dll's ...
Register platform support module: C:/Program Files/Unity Editors/2020.3.8f1/Editor/Data/PlaybackEngines/WindowsStandaloneSupport/UnityEditor.WindowsStandalone.Extensions.dll
Registered in 0.006577 seconds.
Native extension for WindowsStandalone target not found
Refreshing native plugins compatible for Editor in 144.27 ms, found 0 plugins.
Preloading 0 native plugins for Editor in 0.00 ms.
Mono: successfully reloaded assembly
- Completed reload, in  6.058 seconds
Platform modules already initialized, skipping
Registering precompiled user dll's ...
Registered in 0.003314 seconds.
Begin MonoManager ReloadAssembly
Native extension for WindowsStandalone target not found
Refreshing native plugins compatible for Editor in 176.99 ms, found 0 plugins.
Preloading 0 native plugins for Editor in 0.00 ms.
Mono: successfully reloaded assembly
- Completed reload, in  3.184 seconds
Platform modules already initialized, skipping
========================================================================
Worker process is ready to serve import requests
Shader 'Universal Render Pipeline/Particles/Lit': fallback shader 'Universal Render Pipeline/Particles/SimpleLit' not found
Launched and connected shader compiler UnityShaderCompiler.exe after 0.08 seconds
Refreshing native plugins compatible for Editor in 1.51 ms, found 0 plugins.
Preloading 0 native plugins for Editor in 0.00 ms.
Unloading 3216 Unused Serialized files (Serialized files now loaded: 0)
System memory in use before: 147.8 MB.
System memory in use after: 148.0 MB.

Unloading 139 unused Assets to reduce memory usage. Loaded Objects now: 3639.
Total: 5.196100 ms (FindLiveObjects: 0.396700 ms CreateObjectMapping: 0.221400 ms MarkObjects: 4.264000 ms  DeleteObjects: 0.312200 ms)

========================================================================
Received Import Request.
  path: Assets/Player/_Sphere
  artifactKey: Guid(6a373a2e740bd1247a8c6bd39db02e9b) Importer(815301076,1909f56bfc062723c751e8b465ee728b)
Start importing Assets/Player/_Sphere using Guid(6a373a2e740bd1247a8c6bd39db02e9b) Importer(815301076,1909f56bfc062723c751e8b465ee728b)  -> (artifact id: '8258072f69dbef3da0639f58200bf763') in 0.012462 seconds
  Import took 0.023313 seconds .

========================================================================
Received Import Request.
  Time since last request: 215.065519 seconds.
  path: Assets/Player/_Sphere/Liquid shader graph.shadergraph
  artifactKey: Guid(0c0605bca848d0540844b76e06ce120e) Importer(815301076,1909f56bfc062723c751e8b465ee728b)
Start importing Assets/Player/_Sphere/Liquid shader graph.shadergraph using Guid(0c0605bca848d0540844b76e06ce120e) Importer(815301076,1909f56bfc062723c751e8b465ee728b)  -> (artifact id: 'd9b56b228e0bd9a25f22914837d7827c') in 0.084516 seconds
  Import took 0.096097 seconds .

========================================================================
Received Import Request.
  Time since last request: 0.790452 seconds.
  path: Assets/Player/_Sphere/Liquid shader graph.shadergraph
  artifactKey: Guid(0c0605bca848d0540844b76e06ce120e) Importer(815301076,1909f56bfc062723c751e8b465ee728b)
Start importing Assets/Player/_Sphere/Liquid shader graph.shadergraph using Guid(0c0605bca848d0540844b76e06ce120e) Importer(815301076,1909f56bfc062723c751e8b465ee728b)  -> (artifact id: 'd9b56b228e0bd9a25f22914837d7827c') in 0.005089 seconds
  Import took 0.011754 seconds .

========================================================================
Received Import Request.
  Time since last request: 21.573450 seconds.
  path: Assets/Player/_Sphere/Glass.mat
  artifactKey: Guid(c5cc78b534565f345892a039b14c34eb) Importer(815301076,1909f56bfc062723c751e8b465ee728b)
Start importing Assets/Player/_Sphere/Glass.mat using Guid(c5cc78b534565f345892a039b14c34eb) Importer(815301076,1909f56bfc062723c751e8b465ee728b)  -> (artifact id: '7db8b250e1a48a604e44a8c52f4efbfd') in 0.394011 seconds
  Import took 0.400686 seconds .

========================================================================
Received Import Request.
  Time since last request: 0.017467 seconds.
  path: Assets/Player/_Sphere/Glass.mat
  artifactKey: Guid(c5cc78b534565f345892a039b14c34eb) Importer(815301076,1909f56bfc062723c751e8b465ee728b)
Start importing Assets/Player/_Sphere/Glass.mat using Guid(c5cc78b534565f345892a039b14c34eb) Importer(815301076,1909f56bfc062723c751e8b465ee728b)  -> (artifact id: '7db8b250e1a48a604e44a8c52f4efbfd') in 0.021248 seconds
  Import took 0.031620 seconds .

========================================================================
Received Import Request.
  Time since last request: 447.488497 seconds.
  path: Assets/Player/_Sphere/Liquid shader graph.shadergraph
  artifactKey: Guid(0c0605bca848d0540844b76e06ce120e) Importer(815301076,1909f56bfc062723c751e8b465ee728b)
Start importing Assets/Player/_Sphere/Liquid shader graph.shadergraph using Guid(0c0605bca848d0540844b76e06ce120e) Importer(815301076,1909f56bfc062723c751e8b465ee728b)  -> (artifact id: 'c23ab811a6b831628f3bffd16180b137') in 0.014949 seconds
  Import took 0.035336 seconds .

========================================================================
Received Import Request.
  Time since last request: 66.606279 seconds.
  path: Assets/Player/_Sphere/Liquid shader graph.shadergraph
  artifactKey: Guid(0c0605bca848d0540844b76e06ce120e) Importer(815301076,1909f56bfc062723c751e8b465ee728b)
Start importing Assets/Player/_Sphere/Liquid shader graph.shadergraph using Guid(0c0605bca848d0540844b76e06ce120e) Importer(815301076,1909f56bfc062723c751e8b465ee728b)  -> (artifact id: 'ec563e3462fa4d2b3d2e057f4ddb3deb') in 0.019447 seconds
  Import took 0.053649 seconds .

========================================================================
Received Import Request.
  Time since last request: 789.285131 seconds.
  path: Assets/Player/_Sphere/Liquid shader graph.shadergraph
  artifactKey: Guid(0c0605bca848d0540844b76e06ce120e) Importer(815301076,1909f56bfc062723c751e8b465ee728b)
Start importing Assets/Player/_Sphere/Liquid shader graph.shadergraph using Guid(0c0605bca848d0540844b76e06ce120e) Importer(815301076,1909f56bfc062723c751e8b465ee728b)  -> (artifact id: '0b1cc7c6aa583d8dbb9ccc3d739d09f8') in 0.009692 seconds
  Import took 0.023130 seconds .

========================================================================
Received Import Request.
  Time since last request: 0.026061 seconds.
  path: Assets/Player/_Sphere/Liquid shader graph.shadergraph
  artifactKey: Guid(0c0605bca848d0540844b76e06ce120e) Importer(815301076,1909f56bfc062723c751e8b465ee728b)
Start importing Assets/Player/_Sphere/Liquid shader graph.shadergraph using Guid(0c0605bca848d0540844b76e06ce120e) Importer(815301076,1909f56bfc062723c751e8b465ee728b)  -> (artifact id: '0b1cc7c6aa583d8dbb9ccc3d739d09f8') in 0.010072 seconds
  Import took 0.021033 seconds .

========================================================================
Received Import Request.
  Time since last request: 4.699723 seconds.
  path: Assets/Player/_Sphere/Liquid shader graph.shadergraph
  artifactKey: Guid(0c0605bca848d0540844b76e06ce120e) Importer(815301076,1909f56bfc062723c751e8b465ee728b)
Start importing Assets/Player/_Sphere/Liquid shader graph.shadergraph using Guid(0c0605bca848d0540844b76e06ce120e) Importer(815301076,1909f56bfc062723c751e8b465ee728b)  -> (artifact id: '67043ffb71eedd0c0570683c5f6b125c') in 0.013278 seconds
  Import took 0.031488 seconds .

========================================================================
Received Import Request.
  Time since last request: 1568.942965 seconds.
  path: Assets/Player/_Sphere/LiquidWobble.cs
  artifactKey: Guid(516c7e95b6c9dbf4198cc76323e4b979) Importer(815301076,1909f56bfc062723c751e8b465ee728b)
Start importing Assets/Player/_Sphere/LiquidWobble.cs using Guid(516c7e95b6c9dbf4198cc76323e4b979) Importer(815301076,1909f56bfc062723c751e8b465ee728b)  -> (artifact id: 'dd930ce8331ca68786da811cb666f8db') in 0.014725 seconds
  Import took 0.021094 seconds .

========================================================================
Received Import Request.
  Time since last request: 0.002505 seconds.
  path: Assets/Player/_Sphere/LiquidWobble.cs
  artifactKey: Guid(516c7e95b6c9dbf4198cc76323e4b979) Importer(815301076,1909f56bfc062723c751e8b465ee728b)
Start importing Assets/Player/_Sphere/LiquidWobble.cs using Guid(516c7e95b6c9dbf4198cc76323e4b979) Importer(815301076,1909f56bfc062723c751e8b465ee728b)  -> (artifact id: 'dd930ce8331ca68786da811cb666f8db') in 0.003424 seconds
  Import took 0.009445 seconds .

========================================================================
Received Prepare
Registering precompiled user dll's ...
Registered in 0.004109 seconds.
Begin MonoManager ReloadAssembly
Native extension for WindowsStandalone target not found
Refreshing native plugins compatible for Editor in 0.61 ms, found 0 plugins.
Preloading 0 native plugins for Editor in 0.00 ms.
Mono: successfully reloaded assembly
- Completed reload, in  1.386 seconds
Platform modules already initialized, skipping
Switching build target platform(5) subTarget(0) extendedPlatform(0) -> platform(13) subTarget(537395200) extendedPlatform(0)
Shader 'Universal Render Pipeline/Particles/Lit': fallback shader 'Universal Render Pipeline/Particles/SimpleLit' not found
Refreshing native plugins compatible for Editor in 0.81 ms, found 0 plugins.
Preloading 0 native plugins for Editor in 0.00 ms.
Unloading 3075 Unused Serialized files (Serialized files now loaded: 0)
System memory in use before: 140.4 MB.
System memory in use after: 140.6 MB.

Unloading 134 unused Assets to reduce memory usage. Loaded Objects now: 3721.
Total: 2.857400 ms (FindLiveObjects: 0.310600 ms CreateObjectMapping: 0.131000 ms MarkObjects: 2.288800 ms  DeleteObjects: 0.125900 ms)

AssetImportParameters requested are different than current active one (requested -> active):
  custom:graphics/normal-map-encoding: 01000000000000000000000000000000 -> 02000000000000000000000000000000
========================================================================
Received Prepare
Registering precompiled user dll's ...
Registered in 0.002079 seconds.
Begin MonoManager ReloadAssembly
Native extension for WindowsStandalone target not found
Refreshing native plugins compatible for Editor in 0.82 ms, found 0 plugins.
Preloading 0 native plugins for Editor in 0.00 ms.
Mono: successfully reloaded assembly
- Completed reload, in  1.693 seconds
Platform modules already initialized, skipping
Switching build target platform(5) subTarget(0) extendedPlatform(0) -> platform(13) subTarget(537395200) extendedPlatform(0)
Shader 'Universal Render Pipeline/Particles/Lit': fallback shader 'Universal Render Pipeline/Particles/SimpleLit' not found
Refreshing native plugins compatible for Editor in 0.96 ms, found 0 plugins.
Preloading 0 native plugins for Editor in 0.00 ms.
Unloading 3075 Unused Serialized files (Serialized files now loaded: 0)
System memory in use before: 140.4 MB.
System memory in use after: 140.6 MB.

Unloading 134 unused Assets to reduce memory usage. Loaded Objects now: 3724.
Total: 3.862700 ms (FindLiveObjects: 0.363900 ms CreateObjectMapping: 0.189800 ms MarkObjects: 3.154000 ms  DeleteObjects: 0.154000 ms)

AssetImportParameters requested are different than current active one (requested -> active):
  custom:graphics/normal-map-encoding: 01000000000000000000000000000000 -> 02000000000000000000000000000000
========================================================================
Received Import Request.
  Time since last request: 605.257225 seconds.
  path: Assets/Player/_Sphere/LiquidWobble.cs
  artifactKey: Guid(516c7e95b6c9dbf4198cc76323e4b979) Importer(815301076,1909f56bfc062723c751e8b465ee728b)
Start importing Assets/Player/_Sphere/LiquidWobble.cs using Guid(516c7e95b6c9dbf4198cc76323e4b979) Importer(815301076,1909f56bfc062723c751e8b465ee728b)  -> (artifact id: 'f8ab4cdb545516d17b2391e2f7ac97cb') in 0.007618 seconds
  Import took 0.013895 seconds .

========================================================================
Received Prepare
Registering precompiled user dll's ...
Registered in 0.001393 seconds.
Begin MonoManager ReloadAssembly
Native extension for WindowsStandalone target not found
Refreshing native plugins compatible for Editor in 0.83 ms, found 0 plugins.
Preloading 0 native plugins for Editor in 0.00 ms.
Mono: successfully reloaded assembly
- Completed reload, in  1.123 seconds
Platform modules already initialized, skipping
Switching build target platform(5) subTarget(0) extendedPlatform(0) -> platform(13) subTarget(537395200) extendedPlatform(0)
Shader 'Universal Render Pipeline/Particles/Lit': fallback shader 'Universal Render Pipeline/Particles/SimpleLit' not found
Refreshing native plugins compatible for Editor in 0.75 ms, found 0 plugins.
Preloading 0 native plugins for Editor in 0.00 ms.
Unloading 3075 Unused Serialized files (Serialized files now loaded: 0)
System memory in use before: 140.4 MB.
System memory in use after: 140.7 MB.

Unloading 134 unused Assets to reduce memory usage. Loaded Objects now: 3727.
Total: 2.587500 ms (FindLiveObjects: 0.283400 ms CreateObjectMapping: 0.109300 ms MarkObjects: 2.093300 ms  DeleteObjects: 0.100900 ms)

AssetImportParameters requested are different than current active one (requested -> active):
  custom:graphics/normal-map-encoding: 01000000000000000000000000000000 -> 02000000000000000000000000000000
========================================================================
Received Prepare
Registering precompiled user dll's ...
Registered in 0.001562 seconds.
Begin MonoManager ReloadAssembly
Native extension for WindowsStandalone target not found
Refreshing native plugins compatible for Editor in 0.62 ms, found 0 plugins.
Preloading 0 native plugins for Editor in 0.00 ms.
Mono: successfully reloaded assembly
- Completed reload, in  1.108 seconds
Platform modules already initialized, skipping
Switching build target platform(5) subTarget(0) extendedPlatform(0) -> platform(13) subTarget(537395200) extendedPlatform(0)
Shader 'Universal Render Pipeline/Particles/Lit': fallback shader 'Universal Render Pipeline/Particles/SimpleLit' not found
Refreshing native plugins compatible for Editor in 0.61 ms, found 0 plugins.
Preloading 0 native plugins for Editor in 0.00 ms.
Unloading 3075 Unused Serialized files (Serialized files now loaded: 0)
System memory in use before: 140.5 MB.
System memory in use after: 140.7 MB.

Unloading 134 unused Assets to reduce memory usage. Loaded Objects now: 3730.
Total: 2.513200 ms (FindLiveObjects: 0.252400 ms CreateObjectMapping: 0.124100 ms MarkObjects: 2.039500 ms  DeleteObjects: 0.096500 ms)

AssetImportParameters requested are different than current active one (requested -> active):
  custom:graphics/normal-map-encoding: 01000000000000000000000000000000 -> 02000000000000000000000000000000
========================================================================
Received Import Request.
  Time since last request: 613.360595 seconds.
  path: Assets/Player/_Sphere/Liquid shader graph.shadergraph
  artifactKey: Guid(0c0605bca848d0540844b76e06ce120e) Importer(815301076,1909f56bfc062723c751e8b465ee728b)
Start importing Assets/Player/_Sphere/Liquid shader graph.shadergraph using Guid(0c0605bca848d0540844b76e06ce120e) Importer(815301076,1909f56bfc062723c751e8b465ee728b)  -> (artifact id: 'ee0b8327dc640f93a9524a6d284e2949') in 0.051472 seconds
  Import took 0.056866 seconds .

========================================================================
Received Import Request.
  Time since last request: 0.006811 seconds.
  path: Assets/Player/_Sphere/Liquid shader graph.shadergraph
  artifactKey: Guid(0c0605bca848d0540844b76e06ce120e) Importer(815301076,1909f56bfc062723c751e8b465ee728b)
Start importing Assets/Player/_Sphere/Liquid shader graph.shadergraph using Guid(0c0605bca848d0540844b76e06ce120e) Importer(815301076,1909f56bfc062723c751e8b465ee728b)  -> (artifact id: 'ee0b8327dc640f93a9524a6d284e2949') in 0.005342 seconds
  Import took 0.010380 seconds .

========================================================================
Received Import Request.
  Time since last request: 44.134975 seconds.
  path: Assets/Player/_Sphere/Liquid shader graph.shadergraph
  artifactKey: Guid(0c0605bca848d0540844b76e06ce120e) Importer(815301076,1909f56bfc062723c751e8b465ee728b)
Start importing Assets/Player/_Sphere/Liquid shader graph.shadergraph using Guid(0c0605bca848d0540844b76e06ce120e) Importer(815301076,1909f56bfc062723c751e8b465ee728b)  -> (artifact id: '7601f8afb197112764268ffd115eb661') in 0.006327 seconds
  Import took 0.013798 seconds .

========================================================================
Received Prepare
Registering precompiled user dll's ...
Registered in 0.001364 seconds.
Begin MonoManager ReloadAssembly
Native extension for WindowsStandalone target not found
Refreshing native plugins compatible for Editor in 0.61 ms, found 0 plugins.
Preloading 0 native plugins for Editor in 0.00 ms.
Mono: successfully reloaded assembly
- Completed reload, in  1.079 seconds
Platform modules already initialized, skipping
Switching build target platform(5) subTarget(0) extendedPlatform(0) -> platform(13) subTarget(537395200) extendedPlatform(0)
Shader 'Universal Render Pipeline/Particles/Lit': fallback shader 'Universal Render Pipeline/Particles/SimpleLit' not found
Refreshing native plugins compatible for Editor in 0.73 ms, found 0 plugins.
Preloading 0 native plugins for Editor in 0.00 ms.
Unloading 3075 Unused Serialized files (Serialized files now loaded: 0)
System memory in use before: 140.5 MB.
System memory in use after: 140.7 MB.

Unloading 134 unused Assets to reduce memory usage. Loaded Objects now: 3733.
Total: 2.940900 ms (FindLiveObjects: 0.425200 ms CreateObjectMapping: 0.198300 ms MarkObjects: 2.217300 ms  DeleteObjects: 0.099400 ms)

AssetImportParameters requested are different than current active one (requested -> active):
  custom:graphics/normal-map-encoding: 01000000000000000000000000000000 -> 02000000000000000000000000000000
========================================================================
Received Prepare
Registering precompiled user dll's ...
Registered in 0.001897 seconds.
Begin MonoManager ReloadAssembly
Native extension for WindowsStandalone target not found
Refreshing native plugins compatible for Editor in 0.82 ms, found 0 plugins.
Preloading 0 native plugins for Editor in 0.00 ms.
Mono: successfully reloaded assembly
- Completed reload, in  1.668 seconds
Platform modules already initialized, skipping
Switching build target platform(5) subTarget(0) extendedPlatform(0) -> platform(13) subTarget(537395200) extendedPlatform(0)
Shader 'Universal Render Pipeline/Particles/Lit': fallback shader 'Universal Render Pipeline/Particles/SimpleLit' not found
Refreshing native plugins compatible for Editor in 1.00 ms, found 0 plugins.
Preloading 0 native plugins for Editor in 0.00 ms.
Unloading 3075 Unused Serialized files (Serialized files now loaded: 0)
System memory in use before: 140.5 MB.
System memory in use after: 140.7 MB.

Unloading 134 unused Assets to reduce memory usage. Loaded Objects now: 3736.
Total: 3.860400 ms (FindLiveObjects: 0.371200 ms CreateObjectMapping: 0.176300 ms MarkObjects: 3.162200 ms  DeleteObjects: 0.149600 ms)

AssetImportParameters requested are different than current active one (requested -> active):
  custom:graphics/normal-map-encoding: 01000000000000000000000000000000 -> 02000000000000000000000000000000
========================================================================
Received Prepare
Registering precompiled user dll's ...
Registered in 0.001961 seconds.
Begin MonoManager ReloadAssembly
Native extension for WindowsStandalone target not found
Refreshing native plugins compatible for Editor in 0.61 ms, found 0 plugins.
Preloading 0 native plugins for Editor in 0.00 ms.
Mono: successfully reloaded assembly
- Completed reload, in  1.143 seconds
Platform modules already initialized, skipping
Switching build target platform(5) subTarget(0) extendedPlatform(0) -> platform(13) subTarget(537395200) extendedPlatform(0)
Shader 'Universal Render Pipeline/Particles/Lit': fallback shader 'Universal Render Pipeline/Particles/SimpleLit' not found
Refreshing native plugins compatible for Editor in 0.87 ms, found 0 plugins.
Preloading 0 native plugins for Editor in 0.00 ms.
Unloading 3075 Unused Serialized files (Serialized files now loaded: 0)
System memory in use before: 140.5 MB.
System memory in use after: 140.7 MB.

Unloading 134 unused Assets to reduce memory usage. Loaded Objects now: 3739.
Total: 3.231100 ms (FindLiveObjects: 0.291500 ms CreateObjectMapping: 0.121600 ms MarkObjects: 2.654300 ms  DeleteObjects: 0.162800 ms)

AssetImportParameters requested are different than current active one (requested -> active):
  custom:graphics/normal-map-encoding: 01000000000000000000000000000000 -> 02000000000000000000000000000000
========================================================================
Received Prepare
Registering precompiled user dll's ...
Registered in 0.001333 seconds.
Begin MonoManager ReloadAssembly
Native extension for WindowsStandalone target not found
Refreshing native plugins compatible for Editor in 0.62 ms, found 0 plugins.
Preloading 0 native plugins for Editor in 0.00 ms.
Mono: successfully reloaded assembly
- Completed reload, in  1.169 seconds
Platform modules already initialized, skipping
Switching build target platform(5) subTarget(0) extendedPlatform(0) -> platform(13) subTarget(537395200) extendedPlatform(0)
Shader 'Universal Render Pipeline/Particles/Lit': fallback shader 'Universal Render Pipeline/Particles/SimpleLit' not found
Refreshing native plugins compatible for Editor in 0.87 ms, found 0 plugins.
Preloading 0 native plugins for Editor in 0.00 ms.
Unloading 3075 Unused Serialized files (Serialized files now loaded: 0)
System memory in use before: 140.5 MB.
System memory in use after: 140.7 MB.

Unloading 134 unused Assets to reduce memory usage. Loaded Objects now: 3742.
Total: 2.920000 ms (FindLiveObjects: 0.305900 ms CreateObjectMapping: 0.125100 ms MarkObjects: 2.383400 ms  DeleteObjects: 0.104700 ms)

AssetImportParameters requested are different than current active one (requested -> active):
  custom:graphics/normal-map-encoding: 01000000000000000000000000000000 -> 02000000000000000000000000000000
========================================================================
Received Prepare
Registering precompiled user dll's ...
Registered in 0.001559 seconds.
Begin MonoManager ReloadAssembly
Native extension for WindowsStandalone target not found
Refreshing native plugins compatible for Editor in 0.61 ms, found 0 plugins.
Preloading 0 native plugins for Editor in 0.00 ms.
Mono: successfully reloaded assembly
- Completed reload, in  1.127 seconds
Platform modules already initialized, skipping
Switching build target platform(5) subTarget(0) extendedPlatform(0) -> platform(13) subTarget(537395200) extendedPlatform(0)
Shader 'Universal Render Pipeline/Particles/Lit': fallback shader 'Universal Render Pipeline/Particles/SimpleLit' not found
Refreshing native plugins compatible for Editor in 0.61 ms, found 0 plugins.
Preloading 0 native plugins for Editor in 0.00 ms.
Unloading 3075 Unused Serialized files (Serialized files now loaded: 0)
System memory in use before: 140.5 MB.
System memory in use after: 140.7 MB.

Unloading 134 unused Assets to reduce memory usage. Loaded Objects now: 3745.
Total: 2.844000 ms (FindLiveObjects: 0.290300 ms CreateObjectMapping: 0.124000 ms MarkObjects: 2.322200 ms  DeleteObjects: 0.106800 ms)

AssetImportParameters requested are different than current active one (requested -> active):
  custom:graphics/normal-map-encoding: 01000000000000000000000000000000 -> 02000000000000000000000000000000
========================================================================
Received Prepare
Registering precompiled user dll's ...
Registered in 0.002171 seconds.
Begin MonoManager ReloadAssembly
Native extension for WindowsStandalone target not found
Refreshing native plugins compatible for Editor in 0.81 ms, found 0 plugins.
Preloading 0 native plugins for Editor in 0.00 ms.
Mono: successfully reloaded assembly
- Completed reload, in  1.746 seconds
Platform modules already initialized, skipping
Switching build target platform(5) subTarget(0) extendedPlatform(0) -> platform(13) subTarget(537395200) extendedPlatform(0)
Shader 'Universal Render Pipeline/Particles/Lit': fallback shader 'Universal Render Pipeline/Particles/SimpleLit' not found
Refreshing native plugins compatible for Editor in 1.03 ms, found 0 plugins.
Preloading 0 native plugins for Editor in 0.00 ms.
Unloading 3075 Unused Serialized files (Serialized files now loaded: 0)
System memory in use before: 140.5 MB.
System memory in use after: 140.7 MB.

Unloading 134 unused Assets to reduce memory usage. Loaded Objects now: 3748.
Total: 4.325500 ms (FindLiveObjects: 0.352800 ms CreateObjectMapping: 0.172000 ms MarkObjects: 3.623400 ms  DeleteObjects: 0.176400 ms)

AssetImportParameters requested are different than current active one (requested -> active):
  custom:graphics/normal-map-encoding: 01000000000000000000000000000000 -> 02000000000000000000000000000000
========================================================================
Received Import Request.
  Time since last request: 840.356536 seconds.
  path: Assets/Player/Scripts/Player Controllers/AlchemistPlayerController.cs
  artifactKey: Guid(6271df11a881be0408c8f20fbe379ce9) Importer(815301076,1909f56bfc062723c751e8b465ee728b)
Start importing Assets/Player/Scripts/Player Controllers/AlchemistPlayerController.cs using Guid(6271df11a881be0408c8f20fbe379ce9) Importer(815301076,1909f56bfc062723c751e8b465ee728b)  -> (artifact id: '10b19e05125437d210658cd8168c2d21') in 0.008963 seconds
  Import took 0.015702 seconds .

========================================================================
Received Prepare
Registering precompiled user dll's ...
Registered in 0.001921 seconds.
Begin MonoManager ReloadAssembly
Native extension for WindowsStandalone target not found
Refreshing native plugins compatible for Editor in 0.62 ms, found 0 plugins.
Preloading 0 native plugins for Editor in 0.00 ms.
Mono: successfully reloaded assembly
- Completed reload, in  1.143 seconds
Platform modules already initialized, skipping
Switching build target platform(5) subTarget(0) extendedPlatform(0) -> platform(13) subTarget(537395200) extendedPlatform(0)
Shader 'Universal Render Pipeline/Particles/Lit': fallback shader 'Universal Render Pipeline/Particles/SimpleLit' not found
Refreshing native plugins compatible for Editor in 0.73 ms, found 0 plugins.
Preloading 0 native plugins for Editor in 0.00 ms.
Unloading 3076 Unused Serialized files (Serialized files now loaded: 0)
System memory in use before: 140.6 MB.
System memory in use after: 140.8 MB.

Unloading 134 unused Assets to reduce memory usage. Loaded Objects now: 3752.
Total: 2.572600 ms (FindLiveObjects: 0.280200 ms CreateObjectMapping: 0.140200 ms MarkObjects: 2.046000 ms  DeleteObjects: 0.105400 ms)

AssetImportParameters requested are different than current active one (requested -> active):
  custom:graphics/normal-map-encoding: 01000000000000000000000000000000 -> 02000000000000000000000000000000
========================================================================
Received Prepare
Registering precompiled user dll's ...
Registered in 0.001320 seconds.
Begin MonoManager ReloadAssembly
Native extension for WindowsStandalone target not found
Refreshing native plugins compatible for Editor in 0.61 ms, found 0 plugins.
Preloading 0 native plugins for Editor in 0.00 ms.
Mono: successfully reloaded assembly
- Completed reload, in  1.160 seconds
Platform modules already initialized, skipping
Switching build target platform(5) subTarget(0) extendedPlatform(0) -> platform(13) subTarget(537395200) extendedPlatform(0)
Shader 'Universal Render Pipeline/Particles/Lit': fallback shader 'Universal Render Pipeline/Particles/SimpleLit' not found
Refreshing native plugins compatible for Editor in 0.62 ms, found 0 plugins.
Preloading 0 native plugins for Editor in 0.00 ms.
Unloading 3076 Unused Serialized files (Serialized files now loaded: 0)
System memory in use before: 140.6 MB.
System memory in use after: 140.8 MB.

Unloading 134 unused Assets to reduce memory usage. Loaded Objects now: 3755.
Total: 2.890200 ms (FindLiveObjects: 0.283400 ms CreateObjectMapping: 0.114800 ms MarkObjects: 2.386800 ms  DeleteObjects: 0.104400 ms)

AssetImportParameters requested are different than current active one (requested -> active):
  custom:graphics/normal-map-encoding: 01000000000000000000000000000000 -> 02000000000000000000000000000000
========================================================================
Received Import Request.
  Time since last request: 1189.046729 seconds.
  path: Assets/Player/Scripts/Player Controllers/AlchemistPlayerController.cs
  artifactKey: Guid(6271df11a881be0408c8f20fbe379ce9) Importer(815301076,1909f56bfc062723c751e8b465ee728b)
Start importing Assets/Player/Scripts/Player Controllers/AlchemistPlayerController.cs using Guid(6271df11a881be0408c8f20fbe379ce9) Importer(815301076,1909f56bfc062723c751e8b465ee728b)  -> (artifact id: '081ca802098ff547b3f9b30753117168') in 0.005520 seconds
  Import took 0.009766 seconds .

========================================================================
Received Prepare
Registering precompiled user dll's ...
Registered in 0.001982 seconds.
Begin MonoManager ReloadAssembly
Native extension for WindowsStandalone target not found
Refreshing native plugins compatible for Editor in 0.81 ms, found 0 plugins.
Preloading 0 native plugins for Editor in 0.00 ms.
Mono: successfully reloaded assembly
- Completed reload, in  1.737 seconds
Platform modules already initialized, skipping
Switching build target platform(5) subTarget(0) extendedPlatform(0) -> platform(13) subTarget(537395200) extendedPlatform(0)
Shader 'Universal Render Pipeline/Particles/Lit': fallback shader 'Universal Render Pipeline/Particles/SimpleLit' not found
Refreshing native plugins compatible for Editor in 0.96 ms, found 0 plugins.
Preloading 0 native plugins for Editor in 0.00 ms.
Unloading 3076 Unused Serialized files (Serialized files now loaded: 0)
System memory in use before: 140.6 MB.
System memory in use after: 140.8 MB.

Unloading 134 unused Assets to reduce memory usage. Loaded Objects now: 3758.
Total: 4.324300 ms (FindLiveObjects: 0.387700 ms CreateObjectMapping: 0.196800 ms MarkObjects: 3.592600 ms  DeleteObjects: 0.146100 ms)

AssetImportParameters requested are different than current active one (requested -> active):
  custom:graphics/normal-map-encoding: 01000000000000000000000000000000 -> 02000000000000000000000000000000
========================================================================
Received Prepare
Registering precompiled user dll's ...
Registered in 0.001326 seconds.
Begin MonoManager ReloadAssembly
Native extension for WindowsStandalone target not found
Refreshing native plugins compatible for Editor in 0.63 ms, found 0 plugins.
Preloading 0 native plugins for Editor in 0.00 ms.
Mono: successfully reloaded assembly
- Completed reload, in  1.193 seconds
Platform modules already initialized, skipping
Switching build target platform(5) subTarget(0) extendedPlatform(0) -> platform(13) subTarget(537395200) extendedPlatform(0)
Shader 'Universal Render Pipeline/Particles/Lit': fallback shader 'Universal Render Pipeline/Particles/SimpleLit' not found
Refreshing native plugins compatible for Editor in 0.70 ms, found 0 plugins.
Preloading 0 native plugins for Editor in 0.00 ms.
Unloading 3076 Unused Serialized files (Serialized files now loaded: 0)
System memory in use before: 140.6 MB.
System memory in use after: 140.8 MB.

Unloading 134 unused Assets to reduce memory usage. Loaded Objects now: 3761.
Total: 2.628800 ms (FindLiveObjects: 0.293300 ms CreateObjectMapping: 0.133000 ms MarkObjects: 2.100400 ms  DeleteObjects: 0.101300 ms)

AssetImportParameters requested are different than current active one (requested -> active):
  custom:graphics/normal-map-encoding: 01000000000000000000000000000000 -> 02000000000000000000000000000000
========================================================================
Received Import Request.
  Time since last request: 330.235926 seconds.
  path: ProjectSettings/TagManager.asset
  artifactKey: Guid(00000000000000003000000000000000) Importer(815301076,1909f56bfc062723c751e8b465ee728b)
Start importing ProjectSettings/TagManager.asset using Guid(00000000000000003000000000000000) Importer(815301076,1909f56bfc062723c751e8b465ee728b)  -> (artifact id: 'ea1d788742625af7512cf002af087fea') in 0.016859 seconds
  Import took 0.021819 seconds .

========================================================================
Received Prepare
Registering precompiled user dll's ...
Registered in 0.001352 seconds.
Begin MonoManager ReloadAssembly
Native extension for WindowsStandalone target not found
Refreshing native plugins compatible for Editor in 0.69 ms, found 0 plugins.
Preloading 0 native plugins for Editor in 0.00 ms.
Mono: successfully reloaded assembly
- Completed reload, in  1.300 seconds
Platform modules already initialized, skipping
Switching build target platform(5) subTarget(0) extendedPlatform(0) -> platform(13) subTarget(537395200) extendedPlatform(0)
Shader 'Universal Render Pipeline/Particles/Lit': fallback shader 'Universal Render Pipeline/Particles/SimpleLit' not found
Refreshing native plugins compatible for Editor in 0.62 ms, found 0 plugins.
Preloading 0 native plugins for Editor in 0.00 ms.
Unloading 3076 Unused Serialized files (Serialized files now loaded: 0)
System memory in use before: 140.6 MB.
System memory in use after: 140.8 MB.

Unloading 135 unused Assets to reduce memory usage. Loaded Objects now: 3764.
Total: 2.871900 ms (FindLiveObjects: 0.259200 ms CreateObjectMapping: 0.128900 ms MarkObjects: 2.380300 ms  DeleteObjects: 0.102900 ms)

AssetImportParameters requested are different than current active one (requested -> active):
  custom:graphics/normal-map-encoding: 01000000000000000000000000000000 -> 02000000000000000000000000000000
========================================================================
Received Prepare
Registering precompiled user dll's ...
Registered in 0.001349 seconds.
Begin MonoManager ReloadAssembly
Native extension for WindowsStandalone target not found
Refreshing native plugins compatible for Editor in 0.70 ms, found 0 plugins.
Preloading 0 native plugins for Editor in 0.00 ms.
Mono: successfully reloaded assembly
- Completed reload, in  1.205 seconds
Platform modules already initialized, skipping
Switching build target platform(5) subTarget(0) extendedPlatform(0) -> platform(13) subTarget(537395200) extendedPlatform(0)
Shader 'Universal Render Pipeline/Particles/Lit': fallback shader 'Universal Render Pipeline/Particles/SimpleLit' not found
Refreshing native plugins compatible for Editor in 0.72 ms, found 0 plugins.
Preloading 0 native plugins for Editor in 0.00 ms.
Unloading 3076 Unused Serialized files (Serialized files now loaded: 0)
System memory in use before: 140.6 MB.
System memory in use after: 140.8 MB.

Unloading 134 unused Assets to reduce memory usage. Loaded Objects now: 3767.
Total: 2.819900 ms (FindLiveObjects: 0.301100 ms CreateObjectMapping: 0.122900 ms MarkObjects: 2.296100 ms  DeleteObjects: 0.099200 ms)

AssetImportParameters requested are different than current active one (requested -> active):
  custom:graphics/normal-map-encoding: 01000000000000000000000000000000 -> 02000000000000000000000000000000
========================================================================
Received Prepare
Registering precompiled user dll's ...
Registered in 0.001371 seconds.
Begin MonoManager ReloadAssembly
Native extension for WindowsStandalone target not found
Refreshing native plugins compatible for Editor in 0.61 ms, found 0 plugins.
Preloading 0 native plugins for Editor in 0.00 ms.
Mono: successfully reloaded assembly
- Completed reload, in  1.207 seconds
Platform modules already initialized, skipping
Switching build target platform(5) subTarget(0) extendedPlatform(0) -> platform(13) subTarget(537395200) extendedPlatform(0)
Shader 'Universal Render Pipeline/Particles/Lit': fallback shader 'Universal Render Pipeline/Particles/SimpleLit' not found
Refreshing native plugins compatible for Editor in 0.72 ms, found 0 plugins.
Preloading 0 native plugins for Editor in 0.00 ms.
Unloading 3076 Unused Serialized files (Serialized files now loaded: 0)
System memory in use before: 140.6 MB.
System memory in use after: 140.8 MB.

Unloading 134 unused Assets to reduce memory usage. Loaded Objects now: 3770.
Total: 3.022000 ms (FindLiveObjects: 0.391700 ms CreateObjectMapping: 0.148400 ms MarkObjects: 2.369500 ms  DeleteObjects: 0.111800 ms)

AssetImportParameters requested are different than current active one (requested -> active):
  custom:graphics/normal-map-encoding: 01000000000000000000000000000000 -> 02000000000000000000000000000000
========================================================================
Received Prepare
Registering precompiled user dll's ...
Registered in 0.002178 seconds.
Begin MonoManager ReloadAssembly
Native extension for WindowsStandalone target not found
Refreshing native plugins compatible for Editor in 0.61 ms, found 0 plugins.
Preloading 0 native plugins for Editor in 0.00 ms.
Mono: successfully reloaded assembly
- Completed reload, in  1.229 seconds
Platform modules already initialized, skipping
Switching build target platform(5) subTarget(0) extendedPlatform(0) -> platform(13) subTarget(537395200) extendedPlatform(0)
Shader 'Universal Render Pipeline/Particles/Lit': fallback shader 'Universal Render Pipeline/Particles/SimpleLit' not found
Refreshing native plugins compatible for Editor in 0.77 ms, found 0 plugins.
Preloading 0 native plugins for Editor in 0.00 ms.
Unloading 3076 Unused Serialized files (Serialized files now loaded: 0)
System memory in use before: 140.6 MB.
System memory in use after: 140.8 MB.

Unloading 134 unused Assets to reduce memory usage. Loaded Objects now: 3773.
Total: 3.177500 ms (FindLiveObjects: 0.303200 ms CreateObjectMapping: 0.117200 ms MarkObjects: 2.655200 ms  DeleteObjects: 0.101200 ms)

AssetImportParameters requested are different than current active one (requested -> active):
  custom:graphics/normal-map-encoding: 01000000000000000000000000000000 -> 02000000000000000000000000000000
========================================================================
Received Prepare
Registering precompiled user dll's ...
Registered in 0.001699 seconds.
Begin MonoManager ReloadAssembly
Native extension for WindowsStandalone target not found
Refreshing native plugins compatible for Editor in 1.12 ms, found 0 plugins.
Preloading 0 native plugins for Editor in 0.00 ms.
Mono: successfully reloaded assembly
- Completed reload, in  1.223 seconds
Platform modules already initialized, skipping
Switching build target platform(5) subTarget(0) extendedPlatform(0) -> platform(13) subTarget(537395200) extendedPlatform(0)
Shader 'Universal Render Pipeline/Particles/Lit': fallback shader 'Universal Render Pipeline/Particles/SimpleLit' not found
Refreshing native plugins compatible for Editor in 0.70 ms, found 0 plugins.
Preloading 0 native plugins for Editor in 0.00 ms.
Unloading 3076 Unused Serialized files (Serialized files now loaded: 0)
System memory in use before: 140.6 MB.
System memory in use after: 140.8 MB.

Unloading 134 unused Assets to reduce memory usage. Loaded Objects now: 3776.
Total: 2.876300 ms (FindLiveObjects: 0.284100 ms CreateObjectMapping: 0.110100 ms MarkObjects: 2.382900 ms  DeleteObjects: 0.098600 ms)

AssetImportParameters requested are different than current active one (requested -> active):
  custom:graphics/normal-map-encoding: 01000000000000000000000000000000 -> 02000000000000000000000000000000
========================================================================
Received Prepare
Registering precompiled user dll's ...
Registered in 0.001543 seconds.
Begin MonoManager ReloadAssembly
Native extension for WindowsStandalone target not found
Refreshing native plugins compatible for Editor in 0.64 ms, found 0 plugins.
Preloading 0 native plugins for Editor in 0.00 ms.
Mono: successfully reloaded assembly
- Completed reload, in  1.229 seconds
Platform modules already initialized, skipping
Switching build target platform(5) subTarget(0) extendedPlatform(0) -> platform(13) subTarget(537395200) extendedPlatform(0)
Shader 'Universal Render Pipeline/Particles/Lit': fallback shader 'Universal Render Pipeline/Particles/SimpleLit' not found
Refreshing native plugins compatible for Editor in 0.62 ms, found 0 plugins.
Preloading 0 native plugins for Editor in 0.00 ms.
Unloading 3076 Unused Serialized files (Serialized files now loaded: 0)
System memory in use before: 140.6 MB.
System memory in use after: 140.8 MB.

Unloading 134 unused Assets to reduce memory usage. Loaded Objects now: 3779.
Total: 2.845100 ms (FindLiveObjects: 0.302300 ms CreateObjectMapping: 0.129600 ms MarkObjects: 2.308600 ms  DeleteObjects: 0.104100 ms)

AssetImportParameters requested are different than current active one (requested -> active):
  custom:graphics/normal-map-encoding: 01000000000000000000000000000000 -> 02000000000000000000000000000000
========================================================================
Received Prepare
Registering precompiled user dll's ...
Registered in 0.001423 seconds.
Begin MonoManager ReloadAssembly
Native extension for WindowsStandalone target not found
Refreshing native plugins compatible for Editor in 0.64 ms, found 0 plugins.
Preloading 0 native plugins for Editor in 0.00 ms.
Mono: successfully reloaded assembly
- Completed reload, in  1.245 seconds
Platform modules already initialized, skipping
Switching build target platform(5) subTarget(0) extendedPlatform(0) -> platform(13) subTarget(537395200) extendedPlatform(0)
Shader 'Universal Render Pipeline/Particles/Lit': fallback shader 'Universal Render Pipeline/Particles/SimpleLit' not found
Refreshing native plugins compatible for Editor in 0.62 ms, found 0 plugins.
Preloading 0 native plugins for Editor in 0.00 ms.
Unloading 3076 Unused Serialized files (Serialized files now loaded: 0)
System memory in use before: 140.6 MB.
System memory in use after: 140.9 MB.

Unloading 134 unused Assets to reduce memory usage. Loaded Objects now: 3782.
Total: 3.130900 ms (FindLiveObjects: 0.290800 ms CreateObjectMapping: 0.124400 ms MarkObjects: 2.610600 ms  DeleteObjects: 0.104200 ms)

AssetImportParameters requested are different than current active one (requested -> active):
  custom:graphics/normal-map-encoding: 01000000000000000000000000000000 -> 02000000000000000000000000000000
========================================================================
Received Prepare
Registering precompiled user dll's ...
Registered in 0.001631 seconds.
Begin MonoManager ReloadAssembly
Native extension for WindowsStandalone target not found
Refreshing native plugins compatible for Editor in 0.76 ms, found 0 plugins.
Preloading 0 native plugins for Editor in 0.00 ms.
Mono: successfully reloaded assembly
- Completed reload, in  1.258 seconds
Platform modules already initialized, skipping
Switching build target platform(5) subTarget(0) extendedPlatform(0) -> platform(13) subTarget(537395200) extendedPlatform(0)
Shader 'Universal Render Pipeline/Particles/Lit': fallback shader 'Universal Render Pipeline/Particles/SimpleLit' not found
Refreshing native plugins compatible for Editor in 0.73 ms, found 0 plugins.
Preloading 0 native plugins for Editor in 0.00 ms.
Unloading 3076 Unused Serialized files (Serialized files now loaded: 0)
System memory in use before: 140.6 MB.
System memory in use after: 140.9 MB.

Unloading 134 unused Assets to reduce memory usage. Loaded Objects now: 3785.
Total: 2.578000 ms (FindLiveObjects: 0.289900 ms CreateObjectMapping: 0.123500 ms MarkObjects: 2.066500 ms  DeleteObjects: 0.097400 ms)

AssetImportParameters requested are different than current active one (requested -> active):
  custom:graphics/normal-map-encoding: 01000000000000000000000000000000 -> 02000000000000000000000000000000
========================================================================
Received Prepare
Registering precompiled user dll's ...
Registered in 0.001337 seconds.
Begin MonoManager ReloadAssembly
Native extension for WindowsStandalone target not found
Refreshing native plugins compatible for Editor in 0.65 ms, found 0 plugins.
Preloading 0 native plugins for Editor in 0.00 ms.
Mono: successfully reloaded assembly
- Completed reload, in  1.207 seconds
Platform modules already initialized, skipping
Switching build target platform(5) subTarget(0) extendedPlatform(0) -> platform(13) subTarget(537395200) extendedPlatform(0)
Shader 'Universal Render Pipeline/Particles/Lit': fallback shader 'Universal Render Pipeline/Particles/SimpleLit' not found
Refreshing native plugins compatible for Editor in 0.71 ms, found 0 plugins.
Preloading 0 native plugins for Editor in 0.00 ms.
Unloading 3076 Unused Serialized files (Serialized files now loaded: 0)
System memory in use before: 140.7 MB.
System memory in use after: 140.9 MB.

Unloading 134 unused Assets to reduce memory usage. Loaded Objects now: 3788.
Total: 2.741800 ms (FindLiveObjects: 0.286500 ms CreateObjectMapping: 0.115100 ms MarkObjects: 2.238700 ms  DeleteObjects: 0.100700 ms)

AssetImportParameters requested are different than current active one (requested -> active):
  custom:graphics/normal-map-encoding: 01000000000000000000000000000000 -> 02000000000000000000000000000000
========================================================================
Received Prepare
Registering precompiled user dll's ...
Registered in 0.001492 seconds.
Begin MonoManager ReloadAssembly
Native extension for WindowsStandalone target not found
Refreshing native plugins compatible for Editor in 0.61 ms, found 0 plugins.
Preloading 0 native plugins for Editor in 0.00 ms.
Mono: successfully reloaded assembly
- Completed reload, in  1.265 seconds
Platform modules already initialized, skipping
Switching build target platform(5) subTarget(0) extendedPlatform(0) -> platform(13) subTarget(537395200) extendedPlatform(0)
Shader 'Universal Render Pipeline/Particles/Lit': fallback shader 'Universal Render Pipeline/Particles/SimpleLit' not found
Refreshing native plugins compatible for Editor in 0.95 ms, found 0 plugins.
Preloading 0 native plugins for Editor in 0.00 ms.
Unloading 3076 Unused Serialized files (Serialized files now loaded: 0)
System memory in use before: 140.7 MB.
System memory in use after: 141.0 MB.

Unloading 134 unused Assets to reduce memory usage. Loaded Objects now: 3791.
Total: 3.254500 ms (FindLiveObjects: 0.291600 ms CreateObjectMapping: 0.229000 ms MarkObjects: 2.578300 ms  DeleteObjects: 0.154700 ms)

AssetImportParameters requested are different than current active one (requested -> active):
  custom:graphics/normal-map-encoding: 01000000000000000000000000000000 -> 02000000000000000000000000000000
========================================================================
Received Prepare
Registering precompiled user dll's ...
Registered in 0.002187 seconds.
Begin MonoManager ReloadAssembly
Native extension for WindowsStandalone target not found
Refreshing native plugins compatible for Editor in 0.61 ms, found 0 plugins.
Preloading 0 native plugins for Editor in 0.00 ms.
Mono: successfully reloaded assembly
- Completed reload, in  1.286 seconds
Platform modules already initialized, skipping
Switching build target platform(5) subTarget(0) extendedPlatform(0) -> platform(13) subTarget(537395200) extendedPlatform(0)
Shader 'Universal Render Pipeline/Particles/Lit': fallback shader 'Universal Render Pipeline/Particles/SimpleLit' not found
Refreshing native plugins compatible for Editor in 0.75 ms, found 0 plugins.
Preloading 0 native plugins for Editor in 0.00 ms.
Unloading 3076 Unused Serialized files (Serialized files now loaded: 0)
System memory in use before: 140.8 MB.
System memory in use after: 141.0 MB.

Unloading 134 unused Assets to reduce memory usage. Loaded Objects now: 3794.
Total: 2.763700 ms (FindLiveObjects: 0.309500 ms CreateObjectMapping: 0.121500 ms MarkObjects: 2.215400 ms  DeleteObjects: 0.116400 ms)

AssetImportParameters requested are different than current active one (requested -> active):
  custom:graphics/normal-map-encoding: 01000000000000000000000000000000 -> 02000000000000000000000000000000
========================================================================
Received Prepare
Registering precompiled user dll's ...
Registered in 0.001998 seconds.
Begin MonoManager ReloadAssembly
Native extension for WindowsStandalone target not found
Refreshing native plugins compatible for Editor in 0.60 ms, found 0 plugins.
Preloading 0 native plugins for Editor in 0.00 ms.
Mono: successfully reloaded assembly
- Completed reload, in  1.269 seconds
Platform modules already initialized, skipping
Switching build target platform(5) subTarget(0) extendedPlatform(0) -> platform(13) subTarget(537395200) extendedPlatform(0)
Shader 'Universal Render Pipeline/Particles/Lit': fallback shader 'Universal Render Pipeline/Particles/SimpleLit' not found
Refreshing native plugins compatible for Editor in 0.90 ms, found 0 plugins.
Preloading 0 native plugins for Editor in 0.00 ms.
Unloading 3076 Unused Serialized files (Serialized files now loaded: 0)
System memory in use before: 140.8 MB.
System memory in use after: 141.0 MB.

Unloading 134 unused Assets to reduce memory usage. Loaded Objects now: 3797.
Total: 3.189300 ms (FindLiveObjects: 0.313200 ms CreateObjectMapping: 0.131400 ms MarkObjects: 2.637600 ms  DeleteObjects: 0.106400 ms)

AssetImportParameters requested are different than current active one (requested -> active):
  custom:graphics/normal-map-encoding: 01000000000000000000000000000000 -> 02000000000000000000000000000000
========================================================================
Received Prepare
Registering precompiled user dll's ...
Registered in 0.001300 seconds.
Begin MonoManager ReloadAssembly
Native extension for WindowsStandalone target not found
Refreshing native plugins compatible for Editor in 0.62 ms, found 0 plugins.
Preloading 0 native plugins for Editor in 0.00 ms.
Mono: successfully reloaded assembly
- Completed reload, in  1.295 seconds
Platform modules already initialized, skipping
Switching build target platform(5) subTarget(0) extendedPlatform(0) -> platform(13) subTarget(537395200) extendedPlatform(0)
Shader 'Universal Render Pipeline/Particles/Lit': fallback shader 'Universal Render Pipeline/Particles/SimpleLit' not found
Refreshing native plugins compatible for Editor in 0.72 ms, found 0 plugins.
Preloading 0 native plugins for Editor in 0.00 ms.
Unloading 3076 Unused Serialized files (Serialized files now loaded: 0)
System memory in use before: 140.8 MB.
System memory in use after: 141.0 MB.

Unloading 134 unused Assets to reduce memory usage. Loaded Objects now: 3800.
Total: 2.872100 ms (FindLiveObjects: 0.308800 ms CreateObjectMapping: 0.148000 ms MarkObjects: 2.302900 ms  DeleteObjects: 0.111400 ms)

AssetImportParameters requested are different than current active one (requested -> active):
  custom:graphics/normal-map-encoding: 01000000000000000000000000000000 -> 02000000000000000000000000000000
========================================================================
Received Prepare
Registering precompiled user dll's ...
Registered in 0.001340 seconds.
Begin MonoManager ReloadAssembly
Native extension for WindowsStandalone target not found
Refreshing native plugins compatible for Editor in 0.63 ms, found 0 plugins.
Preloading 0 native plugins for Editor in 0.00 ms.
Mono: successfully reloaded assembly
- Completed reload, in  1.226 seconds
Platform modules already initialized, skipping
Switching build target platform(5) subTarget(0) extendedPlatform(0) -> platform(13) subTarget(537395200) extendedPlatform(0)
Shader 'Universal Render Pipeline/Particles/Lit': fallback shader 'Universal Render Pipeline/Particles/SimpleLit' not found
Refreshing native plugins compatible for Editor in 0.76 ms, found 0 plugins.
Preloading 0 native plugins for Editor in 0.00 ms.
Unloading 3076 Unused Serialized files (Serialized files now loaded: 0)
System memory in use before: 140.8 MB.
System memory in use after: 141.0 MB.

Unloading 134 unused Assets to reduce memory usage. Loaded Objects now: 3803.
Total: 2.603800 ms (FindLiveObjects: 0.285600 ms CreateObjectMapping: 0.138400 ms MarkObjects: 2.076600 ms  DeleteObjects: 0.102400 ms)

AssetImportParameters requested are different than current active one (requested -> active):
  custom:graphics/normal-map-encoding: 01000000000000000000000000000000 -> 02000000000000000000000000000000
========================================================================
Received Prepare
Registering precompiled user dll's ...
Registered in 0.001469 seconds.
Begin MonoManager ReloadAssembly
Native extension for WindowsStandalone target not found
Refreshing native plugins compatible for Editor in 0.61 ms, found 0 plugins.
Preloading 0 native plugins for Editor in 0.00 ms.
Mono: successfully reloaded assembly
- Completed reload, in  1.249 seconds
Platform modules already initialized, skipping
Switching build target platform(5) subTarget(0) extendedPlatform(0) -> platform(13) subTarget(537395200) extendedPlatform(0)
Shader 'Universal Render Pipeline/Particles/Lit': fallback shader 'Universal Render Pipeline/Particles/SimpleLit' not found
Refreshing native plugins compatible for Editor in 0.63 ms, found 0 plugins.
Preloading 0 native plugins for Editor in 0.00 ms.
Unloading 3076 Unused Serialized files (Serialized files now loaded: 0)
System memory in use before: 140.8 MB.
System memory in use after: 141.0 MB.

Unloading 134 unused Assets to reduce memory usage. Loaded Objects now: 3806.
Total: 3.096900 ms (FindLiveObjects: 0.284500 ms CreateObjectMapping: 0.120500 ms MarkObjects: 2.590100 ms  DeleteObjects: 0.101200 ms)

AssetImportParameters requested are different than current active one (requested -> active):
  custom:graphics/normal-map-encoding: 01000000000000000000000000000000 -> 02000000000000000000000000000000
AssetImportWorkerClient::OnTransportError - code=2 error=End of file
