Using pre-set license
Built from '2020.3/staging' branch; Version is '2020.3.8f1 (507919d4fff5) revision 5273881'; Using compiler version '192528614'; Build Type 'Release'
OS: 'Windows 10 Home; OS build 19041.1052; Version 2004; 64bit' Language: 'en' Physical Memory: 16303 MB
BatchMode: 1, IsHumanControllingUs: 0, StartBugReporterOnCrash: 0, Is64bit: 1, IsPro: 0

 COMMAND LINE ARGUMENTS:
C:\Program Files\Unity Editors\2020.3.8f1\Editor\Unity.exe
-adb2
-batchMode
-noUpm
-name
AssetImportWorker0
-projectPath
D:/Zodiac Ram/Sam Hits Things/r_Sam/Sam Hits Things/Sam Hits Things
-logFile
Logs/AssetImportWorker0.log
-srvPort
59224
Successfully changed project path to: D:/Zodiac Ram/Sam Hits Things/r_Sam/Sam Hits Things/Sam Hits Things
D:/Zodiac Ram/Sam Hits Things/r_Sam/Sam Hits Things/Sam Hits Things
Using Asset Import Pipeline V2.
Refreshing native plugins compatible for Editor in 58.89 ms, found 0 plugins.
Preloading 0 native plugins for Editor in 0.00 ms.
Initialize engine version: 2020.3.8f1 (507919d4fff5)
[Subsystems] Discovering subsystems at path C:/Program Files/Unity Editors/2020.3.8f1/Editor/Data/Resources/UnitySubsystems
[Subsystems] Discovering subsystems at path D:/Zodiac Ram/Sam Hits Things/r_Sam/Sam Hits Things/Sam Hits Things/Assets
GfxDevice: creating device client; threaded=0
Direct3D:
    Version:  Direct3D 11.0 [level 11.1]
    Renderer: NVIDIA GeForce GTX 1660 Ti (ID=0x2191)
    Vendor:   
    VRAM:     5991 MB
    Driver:   27.21.14.6192
Shader 'Universal Render Pipeline/Particles/Lit': fallback shader 'Universal Render Pipeline/Particles/SimpleLit' not found
Initialize mono
Mono path[0] = 'C:/Program Files/Unity Editors/2020.3.8f1/Editor/Data/Managed'
Mono path[1] = 'C:/Program Files/Unity Editors/2020.3.8f1/Editor/Data/MonoBleedingEdge/lib/mono/unityjit'
Mono config path = 'C:/Program Files/Unity Editors/2020.3.8f1/Editor/Data/MonoBleedingEdge/etc'
Using monoOptions --debugger-agent=transport=dt_socket,embedding=1,server=y,suspend=n,address=127.0.0.1:56592
Begin MonoManager ReloadAssembly
Registering precompiled unity dll's ...
Register platform support module: C:/Program Files/Unity Editors/2020.3.8f1/Editor/Data/PlaybackEngines/WindowsStandaloneSupport/UnityEditor.WindowsStandalone.Extensions.dll
Registered in 0.002261 seconds.
Native extension for WindowsStandalone target not found
Refreshing native plugins compatible for Editor in 54.08 ms, found 0 plugins.
Preloading 0 native plugins for Editor in 0.00 ms.
Mono: successfully reloaded assembly
- Completed reload, in  2.071 seconds
Platform modules already initialized, skipping
Registering precompiled user dll's ...
Registered in 0.001193 seconds.
Begin MonoManager ReloadAssembly
Native extension for WindowsStandalone target not found
Refreshing native plugins compatible for Editor in 59.86 ms, found 0 plugins.
Preloading 0 native plugins for Editor in 0.00 ms.
Mono: successfully reloaded assembly
- Completed reload, in  1.195 seconds
Platform modules already initialized, skipping
========================================================================
Worker process is ready to serve import requests
Shader 'Universal Render Pipeline/Particles/Lit': fallback shader 'Universal Render Pipeline/Particles/SimpleLit' not found
Launched and connected shader compiler UnityShaderCompiler.exe after 0.05 seconds
Refreshing native plugins compatible for Editor in 1.26 ms, found 0 plugins.
Preloading 0 native plugins for Editor in 0.00 ms.
Unloading 3229 Unused Serialized files (Serialized files now loaded: 0)
System memory in use before: 220.6 MB.
System memory in use after: 170.2 MB.

Unloading 139 unused Assets to reduce memory usage. Loaded Objects now: 3657.
Total: 6.680800 ms (FindLiveObjects: 0.618800 ms CreateObjectMapping: 0.300500 ms MarkObjects: 5.563300 ms  DeleteObjects: 0.196700 ms)

========================================================================
Received Import Request.
  path: Assets/Player/_Demon
  artifactKey: Guid(6a373a2e740bd1247a8c6bd39db02e9b) Importer(815301076,1909f56bfc062723c751e8b465ee728b)
Start importing Assets/Player/_Demon using Guid(6a373a2e740bd1247a8c6bd39db02e9b) Importer(815301076,1909f56bfc062723c751e8b465ee728b)  -> (artifact id: 'db2608a653d5e6b01d3a0de0f89bcbef') in 0.009423 seconds
  Import took 0.014941 seconds .

========================================================================
Received Import Request.
  Time since last request: 60.985246 seconds.
  path: Assets/Player/Art/Animation/Recall.anim
  artifactKey: Guid(7476cebd54f9bed4bb91b893f7f173a7) Importer(815301076,1909f56bfc062723c751e8b465ee728b)
Start importing Assets/Player/Art/Animation/Recall.anim using Guid(7476cebd54f9bed4bb91b893f7f173a7) Importer(815301076,1909f56bfc062723c751e8b465ee728b)  -> (artifact id: '4e37e856b4dd2b135c44fb50213b0e77') in 0.029473 seconds
  Import took 0.034004 seconds .

========================================================================
Received Import Request.
  Time since last request: 58.092963 seconds.
  path: Assets/Player/Art/Animation/Sprite-0002_Pose-Underarm-Sheet 1.png
  artifactKey: Guid(34d5d37352d16924e9967a9c58cce12c) Importer(815301076,1909f56bfc062723c751e8b465ee728b)
Start importing Assets/Player/Art/Animation/Sprite-0002_Pose-Underarm-Sheet 1.png using Guid(34d5d37352d16924e9967a9c58cce12c) Importer(815301076,1909f56bfc062723c751e8b465ee728b)  -> (artifact id: 'd86d7c48f4903360facaaf7745361e3e') in 0.100970 seconds
  Import took 0.128288 seconds .

========================================================================
Received Import Request.
  Time since last request: 40.660424 seconds.
  path: Assets/Player/Art/Animation/Sprite-0002_Pose-Underarm-Sheet 1.png
  artifactKey: Guid(34d5d37352d16924e9967a9c58cce12c) Importer(815301076,1909f56bfc062723c751e8b465ee728b)
Start importing Assets/Player/Art/Animation/Sprite-0002_Pose-Underarm-Sheet 1.png using Guid(34d5d37352d16924e9967a9c58cce12c) Importer(815301076,1909f56bfc062723c751e8b465ee728b)  -> (artifact id: '355619e3aaa6397d94e1b9ea3d63ca56') in 0.009940 seconds
  Import took 0.016778 seconds .

========================================================================
Received Import Request.
  Time since last request: 55.903714 seconds.
  path: Assets/Player/Art/Animation/Sprite-0002_Pose-Underarm-Sheet 1.png
  artifactKey: Guid(34d5d37352d16924e9967a9c58cce12c) Importer(815301076,1909f56bfc062723c751e8b465ee728b)
Start importing Assets/Player/Art/Animation/Sprite-0002_Pose-Underarm-Sheet 1.png using Guid(34d5d37352d16924e9967a9c58cce12c) Importer(815301076,1909f56bfc062723c751e8b465ee728b)  -> (artifact id: '8463bc6133fb1fab16011cbd534efaf6') in 0.125926 seconds
  Import took 0.132332 seconds .

========================================================================
Received Import Request.
  Time since last request: 40.338682 seconds.
  path: Assets/Player/_Demon/Animation
  artifactKey: Guid(dbbab9894b079ba4ca164e50cd6042f0) Importer(815301076,1909f56bfc062723c751e8b465ee728b)
Start importing Assets/Player/_Demon/Animation using Guid(dbbab9894b079ba4ca164e50cd6042f0) Importer(815301076,1909f56bfc062723c751e8b465ee728b)  -> (artifact id: 'a04af93cac27b9faa84acb21cb7121b1') in 0.004068 seconds
  Import took 0.011349 seconds .

========================================================================
Received Import Request.
  Time since last request: 30.372463 seconds.
  path: Assets/Player/_Demon/Animation/Demon_underarm_earth.png
  artifactKey: Guid(fa277205e66f04f4abbe1750ff4f9417) Importer(815301076,1909f56bfc062723c751e8b465ee728b)
Start importing Assets/Player/_Demon/Animation/Demon_underarm_earth.png using Guid(fa277205e66f04f4abbe1750ff4f9417) Importer(815301076,1909f56bfc062723c751e8b465ee728b)  -> (artifact id: '6c493c3ea446867dbcb690ff0e941948') in 0.013256 seconds
  Import took 0.020475 seconds .

========================================================================
Received Import Request.
  Time since last request: 3.155890 seconds.
  path: Assets/Player/_Demon/Animation/Demon_underarm.png
  artifactKey: Guid(ba13ae858cb760541b63d8924a9d8f48) Importer(815301076,1909f56bfc062723c751e8b465ee728b)
Start importing Assets/Player/_Demon/Animation/Demon_underarm.png using Guid(ba13ae858cb760541b63d8924a9d8f48) Importer(815301076,1909f56bfc062723c751e8b465ee728b)  -> (artifact id: '6e73ee2245b9d65ec049318aa0d561d9') in 0.105119 seconds
  Import took 0.112124 seconds .

========================================================================
Received Import Request.
  Time since last request: 13.065134 seconds.
  path: Assets/Player/_Demon/Animation/Demon_underarm.png
  artifactKey: Guid(ba13ae858cb760541b63d8924a9d8f48) Importer(815301076,1909f56bfc062723c751e8b465ee728b)
Start importing Assets/Player/_Demon/Animation/Demon_underarm.png using Guid(ba13ae858cb760541b63d8924a9d8f48) Importer(815301076,1909f56bfc062723c751e8b465ee728b)  -> (artifact id: '96fec3fdf2c443d875a74ae01a47bb10') in 0.010140 seconds
  Import took 0.016490 seconds .

========================================================================
Received Import Request.
  Time since last request: 16.902918 seconds.
  path: Assets/Player/_Demon/Animation/Demon_underarm.png
  artifactKey: Guid(ba13ae858cb760541b63d8924a9d8f48) Importer(815301076,1909f56bfc062723c751e8b465ee728b)
Start importing Assets/Player/_Demon/Animation/Demon_underarm.png using Guid(ba13ae858cb760541b63d8924a9d8f48) Importer(815301076,1909f56bfc062723c751e8b465ee728b)  -> (artifact id: 'b555f4e529bfe862070a05ddb72dbded') in 0.067284 seconds
  Import took 0.073849 seconds .

========================================================================
Received Import Request.
  Time since last request: 2.509694 seconds.
  path: Assets/Player/_Demon/Animation/Demon_underarm_earth.png
  artifactKey: Guid(fa277205e66f04f4abbe1750ff4f9417) Importer(815301076,1909f56bfc062723c751e8b465ee728b)
Start importing Assets/Player/_Demon/Animation/Demon_underarm_earth.png using Guid(fa277205e66f04f4abbe1750ff4f9417) Importer(815301076,1909f56bfc062723c751e8b465ee728b)  -> (artifact id: 'ed98adf4d2bf43d02a894d238e42c5f7') in 0.009378 seconds
  Import took 0.015851 seconds .

========================================================================
Received Import Request.
  Time since last request: 0.003037 seconds.
  path: Assets/Player/_Demon/Animation/Demon_underarm_earth.png
  artifactKey: Guid(fa277205e66f04f4abbe1750ff4f9417) Importer(815301076,1909f56bfc062723c751e8b465ee728b)
Start importing Assets/Player/_Demon/Animation/Demon_underarm_earth.png using Guid(fa277205e66f04f4abbe1750ff4f9417) Importer(815301076,1909f56bfc062723c751e8b465ee728b)  -> (artifact id: 'ed98adf4d2bf43d02a894d238e42c5f7') in 0.115372 seconds
  Import took 0.122365 seconds .

========================================================================
Received Import Request.
  Time since last request: 7.989087 seconds.
  path: Assets/Player/_Demon/Animation/Demon_underarm_earth.png
  artifactKey: Guid(fa277205e66f04f4abbe1750ff4f9417) Importer(815301076,1909f56bfc062723c751e8b465ee728b)
Start importing Assets/Player/_Demon/Animation/Demon_underarm_earth.png using Guid(fa277205e66f04f4abbe1750ff4f9417) Importer(815301076,1909f56bfc062723c751e8b465ee728b)  -> (artifact id: '97efb1ccff0880b227a88bad8a704ff0') in 0.076548 seconds
  Import took 0.083023 seconds .

========================================================================
Received Import Request.
  Time since last request: 17.078250 seconds.
  path: Assets/Player/_Demon/Art
  artifactKey: Guid(e03ab38937f70d647938ccbe53a1da07) Importer(815301076,1909f56bfc062723c751e8b465ee728b)
Start importing Assets/Player/_Demon/Art using Guid(e03ab38937f70d647938ccbe53a1da07) Importer(815301076,1909f56bfc062723c751e8b465ee728b)  -> (artifact id: '2c601d615604e7caa50035f970309366') in 0.003721 seconds
  Import took 0.010260 seconds .

========================================================================
Received Import Request.
  Time since last request: 15.542098 seconds.
  path: Assets/Player/_Demon/Art/Pangolin_ball_earth.png
  artifactKey: Guid(5b7b1594e421dfb4eae99dee45c06a06) Importer(815301076,1909f56bfc062723c751e8b465ee728b)
Start importing Assets/Player/_Demon/Art/Pangolin_ball_earth.png using Guid(5b7b1594e421dfb4eae99dee45c06a06) Importer(815301076,1909f56bfc062723c751e8b465ee728b)  -> (artifact id: '80ba4808d5aff5b374abe2a3a8f87e2c') in 0.013180 seconds
  Import took 0.019882 seconds .

========================================================================
Received Import Request.
  Time since last request: 11.276168 seconds.
  path: Assets/Player/_Demon/Art/Pangolin_ball_earth.png
  artifactKey: Guid(5b7b1594e421dfb4eae99dee45c06a06) Importer(815301076,1909f56bfc062723c751e8b465ee728b)
Start importing Assets/Player/_Demon/Art/Pangolin_ball_earth.png using Guid(5b7b1594e421dfb4eae99dee45c06a06) Importer(815301076,1909f56bfc062723c751e8b465ee728b)  -> (artifact id: 'f0c22292c293a6ebb2549187f2371920') in 0.012816 seconds
  Import took 0.019548 seconds .

========================================================================
Received Import Request.
  Time since last request: 65.675618 seconds.
  path: Assets/Player/_Demon/Art/Animation/Demon-throw_ready.anim
  artifactKey: Guid(7eebc6d499d103042950df02995c8e67) Importer(815301076,1909f56bfc062723c751e8b465ee728b)
Start importing Assets/Player/_Demon/Art/Animation/Demon-throw_ready.anim using Guid(7eebc6d499d103042950df02995c8e67) Importer(815301076,1909f56bfc062723c751e8b465ee728b)  -> (artifact id: 'b065eb499994f7d48bd445ae72eae359') in 0.004836 seconds
  Import took 0.011271 seconds .

========================================================================
Received Import Request.
  Time since last request: 24.979992 seconds.
  path: Assets/Player/_Demon/Art/Animation/Demon-Recall.anim
  artifactKey: Guid(21275770d5f10b946810f0cddab588ab) Importer(815301076,1909f56bfc062723c751e8b465ee728b)
Start importing Assets/Player/_Demon/Art/Animation/Demon-Recall.anim using Guid(21275770d5f10b946810f0cddab588ab) Importer(815301076,1909f56bfc062723c751e8b465ee728b)  -> (artifact id: '938d45da9017aa31ad382186a6232c4a') in 0.004703 seconds
  Import took 0.011064 seconds .

========================================================================
Received Import Request.
  Time since last request: 28.194621 seconds.
  path: Assets/Player/_Demon/Art/Animation/Demon_earth-Throw_ready.anim
  artifactKey: Guid(8199df6e7010ac2408942dbc9923914b) Importer(815301076,1909f56bfc062723c751e8b465ee728b)
Start importing Assets/Player/_Demon/Art/Animation/Demon_earth-Throw_ready.anim using Guid(8199df6e7010ac2408942dbc9923914b) Importer(815301076,1909f56bfc062723c751e8b465ee728b)  -> (artifact id: 'e423278f336467ce7428182d2da45233') in 0.004775 seconds
  Import took 0.010079 seconds .

========================================================================
Received Import Request.
  Time since last request: 29.783315 seconds.
  path: Assets/Player/_Demon/Art/Animation/Demon_earth-Recall.anim
  artifactKey: Guid(1683e341a7c283649a65a12b97c0c60c) Importer(815301076,1909f56bfc062723c751e8b465ee728b)
Start importing Assets/Player/_Demon/Art/Animation/Demon_earth-Recall.anim using Guid(1683e341a7c283649a65a12b97c0c60c) Importer(815301076,1909f56bfc062723c751e8b465ee728b)  -> (artifact id: '9ee31163df93cdd768cbc4f862fd04e4') in 0.004100 seconds
  Import took 0.009530 seconds .

========================================================================
Received Import Request.
  Time since last request: 107.424331 seconds.
  path: Assets/Player/Art/Animation/AC_Alchemist.controller
  artifactKey: Guid(091a63ace03ba644381479177623b42d) Importer(815301076,1909f56bfc062723c751e8b465ee728b)
Start importing Assets/Player/Art/Animation/AC_Alchemist.controller using Guid(091a63ace03ba644381479177623b42d) Importer(815301076,1909f56bfc062723c751e8b465ee728b)  -> (artifact id: '3664cd531052fb934e11d24548df5db4') in 0.008707 seconds
  Import took 0.016115 seconds .

========================================================================
Received Import Request.
  Time since last request: 43.064919 seconds.
  path: Assets/Player/_Demon/Art/Pangolin_ball_earth.png
  artifactKey: Guid(5b7b1594e421dfb4eae99dee45c06a06) Importer(815301076,1909f56bfc062723c751e8b465ee728b)
Start importing Assets/Player/_Demon/Art/Pangolin_ball_earth.png using Guid(5b7b1594e421dfb4eae99dee45c06a06) Importer(815301076,1909f56bfc062723c751e8b465ee728b)  -> (artifact id: 'dd47b46ab6e03722b806cdd2135d7620') in 0.012970 seconds
  Import took 0.019689 seconds .

========================================================================
Received Import Request.
  Time since last request: 6.865035 seconds.
  path: Assets/Player/_Demon/Art/Pangolin_ball_earth.png
  artifactKey: Guid(5b7b1594e421dfb4eae99dee45c06a06) Importer(815301076,1909f56bfc062723c751e8b465ee728b)
Start importing Assets/Player/_Demon/Art/Pangolin_ball_earth.png using Guid(5b7b1594e421dfb4eae99dee45c06a06) Importer(815301076,1909f56bfc062723c751e8b465ee728b)  -> (artifact id: 'e0f9fe867d057a3927f12d2c583f387c') in 0.010948 seconds
  Import took 0.018032 seconds .

========================================================================
Received Import Request.
  Time since last request: 24.679079 seconds.
  path: Assets/Player/Art/Animation/Sprite-0002_Pose-Underarm-Sheet 1.png
  artifactKey: Guid(34d5d37352d16924e9967a9c58cce12c) Importer(815301076,1909f56bfc062723c751e8b465ee728b)
Start importing Assets/Player/Art/Animation/Sprite-0002_Pose-Underarm-Sheet 1.png using Guid(34d5d37352d16924e9967a9c58cce12c) Importer(815301076,1909f56bfc062723c751e8b465ee728b)  -> (artifact id: '04cdc13b901e2c7d7338fdb9815294d0') in 0.096625 seconds
  Import took 0.103090 seconds .

========================================================================
Received Import Request.
  Time since last request: 122.716092 seconds.
  path: Assets/Player/Art/Animation/Sprite-0002_Pose-Underarm-Sheet 1.png
  artifactKey: Guid(34d5d37352d16924e9967a9c58cce12c) Importer(815301076,1909f56bfc062723c751e8b465ee728b)
Start importing Assets/Player/Art/Animation/Sprite-0002_Pose-Underarm-Sheet 1.png using Guid(34d5d37352d16924e9967a9c58cce12c) Importer(815301076,1909f56bfc062723c751e8b465ee728b)  -> (artifact id: 'feda3e1b37553db6a8376288b3c3eb17') in 0.097382 seconds
  Import took 0.104730 seconds .

========================================================================
Received Import Request.
  Time since last request: 31.817626 seconds.
  path: Assets/Player/Art/Animation/Sprite-0002_Pose-Underarm-Sheet.png
  artifactKey: Guid(3ab802a9cbe02f643b0a9bd88a23c92f) Importer(815301076,1909f56bfc062723c751e8b465ee728b)
Start importing Assets/Player/Art/Animation/Sprite-0002_Pose-Underarm-Sheet.png using Guid(3ab802a9cbe02f643b0a9bd88a23c92f) Importer(815301076,1909f56bfc062723c751e8b465ee728b)  -> (artifact id: '53bc41207f5b6d347359ccfe439e3ca2') in 0.009778 seconds
  Import took 0.016894 seconds .

========================================================================
Received Import Request.
  Time since last request: 42.090851 seconds.
  path: Assets/Player/Art/Animation/Sprite-0002_Pose-Underarm-Sheet.png
  artifactKey: Guid(3ab802a9cbe02f643b0a9bd88a23c92f) Importer(815301076,1909f56bfc062723c751e8b465ee728b)
Start importing Assets/Player/Art/Animation/Sprite-0002_Pose-Underarm-Sheet.png using Guid(3ab802a9cbe02f643b0a9bd88a23c92f) Importer(815301076,1909f56bfc062723c751e8b465ee728b)  -> (artifact id: '5d609cbd988c7f15a8346fab0bb6413a') in 0.010198 seconds
  Import took 0.015356 seconds .

========================================================================
Received Import Request.
  Time since last request: 30.890378 seconds.
  path: Assets/Player/Art/Animation/Sprite-0002_Pose-Underarm-Sheet.png
  artifactKey: Guid(3ab802a9cbe02f643b0a9bd88a23c92f) Importer(815301076,1909f56bfc062723c751e8b465ee728b)
Start importing Assets/Player/Art/Animation/Sprite-0002_Pose-Underarm-Sheet.png using Guid(3ab802a9cbe02f643b0a9bd88a23c92f) Importer(815301076,1909f56bfc062723c751e8b465ee728b)  -> (artifact id: '66adfca0df9b5a2793bbf3bc7801d0b3') in 0.018718 seconds
  Import took 0.023248 seconds .

========================================================================
Received Import Request.
  Time since last request: 43.324399 seconds.
  path: Assets/Player/Art/Animation/Sprite-0002_Pose-Underarm-Sheet.png
  artifactKey: Guid(3ab802a9cbe02f643b0a9bd88a23c92f) Importer(815301076,1909f56bfc062723c751e8b465ee728b)
Start importing Assets/Player/Art/Animation/Sprite-0002_Pose-Underarm-Sheet.png using Guid(3ab802a9cbe02f643b0a9bd88a23c92f) Importer(815301076,1909f56bfc062723c751e8b465ee728b)  -> (artifact id: 'd6a2b310bc55e309cae4b833f3a1a873') in 0.008315 seconds
  Import took 0.014033 seconds .

========================================================================
Received Import Request.
  Time since last request: 106.473635 seconds.
  path: Assets/Player/_Demon/Art/Animation/Demon_underarm.png
  artifactKey: Guid(ba13ae858cb760541b63d8924a9d8f48) Importer(815301076,1909f56bfc062723c751e8b465ee728b)
Start importing Assets/Player/_Demon/Art/Animation/Demon_underarm.png using Guid(ba13ae858cb760541b63d8924a9d8f48) Importer(815301076,1909f56bfc062723c751e8b465ee728b)  -> (artifact id: 'f8424ff52124121671aeb6d3f3539dd6') in 0.074524 seconds
  Import took 0.081457 seconds .

========================================================================
Received Import Request.
  Time since last request: 5.484915 seconds.
  path: Assets/Player/_Demon/Art/Animation/Demon_underarm_earth.png
  artifactKey: Guid(fa277205e66f04f4abbe1750ff4f9417) Importer(815301076,1909f56bfc062723c751e8b465ee728b)
Start importing Assets/Player/_Demon/Art/Animation/Demon_underarm_earth.png using Guid(fa277205e66f04f4abbe1750ff4f9417) Importer(815301076,1909f56bfc062723c751e8b465ee728b)  -> (artifact id: '606c5685f38d17e7119d4abd828aa342') in 0.064136 seconds
  Import took 0.070615 seconds .

========================================================================
Received Import Request.
  Time since last request: 31.663631 seconds.
  path: Assets/Player/Art/Animation/Sprite-0002_Pose-Underarm-Sheet.png
  artifactKey: Guid(3ab802a9cbe02f643b0a9bd88a23c92f) Importer(815301076,1909f56bfc062723c751e8b465ee728b)
Start importing Assets/Player/Art/Animation/Sprite-0002_Pose-Underarm-Sheet.png using Guid(3ab802a9cbe02f643b0a9bd88a23c92f) Importer(815301076,1909f56bfc062723c751e8b465ee728b)  -> (artifact id: '6e0a59fd3df9d775599812dee7a49d58') in 0.096196 seconds
  Import took 0.103360 seconds .

========================================================================
Received Import Request.
  Time since last request: 171.914410 seconds.
  path: Assets/Enviromental/Art/Demeter_uninfused.png
  artifactKey: Guid(124fe337bfe9817448b4cbdd8ce59938) Importer(815301076,1909f56bfc062723c751e8b465ee728b)
Start importing Assets/Enviromental/Art/Demeter_uninfused.png using Guid(124fe337bfe9817448b4cbdd8ce59938) Importer(815301076,1909f56bfc062723c751e8b465ee728b)  -> (artifact id: 'ee17a5630f19d1bd1676bef716a3bf2f') in 0.013076 seconds
  Import took 0.019772 seconds .

========================================================================
Received Import Request.
  Time since last request: 5.225928 seconds.
  path: Assets/Enviromental/Art/Anchor_001.png
  artifactKey: Guid(ef8ae2d2de359ae4480592b99c3517b4) Importer(815301076,1909f56bfc062723c751e8b465ee728b)
Start importing Assets/Enviromental/Art/Anchor_001.png using Guid(ef8ae2d2de359ae4480592b99c3517b4) Importer(815301076,1909f56bfc062723c751e8b465ee728b)  -> (artifact id: '1715dbefef51edb032ee4f6b3ec9284b') in 0.008862 seconds
  Import took 0.014153 seconds .

========================================================================
Received Import Request.
  Time since last request: 20.083367 seconds.
  path: Assets/Enviromental/Art/Anchor_001.png
  artifactKey: Guid(ef8ae2d2de359ae4480592b99c3517b4) Importer(815301076,1909f56bfc062723c751e8b465ee728b)
Start importing Assets/Enviromental/Art/Anchor_001.png using Guid(ef8ae2d2de359ae4480592b99c3517b4) Importer(815301076,1909f56bfc062723c751e8b465ee728b)  -> (artifact id: '5eefbfded1982159ed2bc40bc07d2c27') in 0.012144 seconds
  Import took 0.017153 seconds .

========================================================================
Received Prepare
Registering precompiled user dll's ...
Registered in 0.001821 seconds.
Begin MonoManager ReloadAssembly
Native extension for WindowsStandalone target not found
Refreshing native plugins compatible for Editor in 0.84 ms, found 0 plugins.
Preloading 0 native plugins for Editor in 0.00 ms.
Mono: successfully reloaded assembly
- Completed reload, in  1.835 seconds
Platform modules already initialized, skipping
Switching build target platform(5) subTarget(0) extendedPlatform(0) -> platform(13) subTarget(537395200) extendedPlatform(0)
Shader 'Universal Render Pipeline/Particles/Lit': fallback shader 'Universal Render Pipeline/Particles/SimpleLit' not found
Refreshing native plugins compatible for Editor in 1.01 ms, found 0 plugins.
Preloading 0 native plugins for Editor in 0.00 ms.
Unloading 3085 Unused Serialized files (Serialized files now loaded: 0)
System memory in use before: 210.4 MB.
System memory in use after: 210.7 MB.

Unloading 134 unused Assets to reduce memory usage. Loaded Objects now: 3679.
Total: 3.688800 ms (FindLiveObjects: 0.364500 ms CreateObjectMapping: 0.187200 ms MarkObjects: 2.991800 ms  DeleteObjects: 0.144100 ms)

AssetImportParameters requested are different than current active one (requested -> active):
  custom:graphics/normal-map-encoding: 01000000000000000000000000000000 -> 02000000000000000000000000000000
========================================================================
Received Import Request.
  Time since last request: 300.399563 seconds.
  path: Assets/Player/Art/Animation/Sprite-0002_Pose-Underarm-Sheet.png
  artifactKey: Guid(3ab802a9cbe02f643b0a9bd88a23c92f) Importer(815301076,1909f56bfc062723c751e8b465ee728b)
Start importing Assets/Player/Art/Animation/Sprite-0002_Pose-Underarm-Sheet.png using Guid(3ab802a9cbe02f643b0a9bd88a23c92f) Importer(815301076,1909f56bfc062723c751e8b465ee728b)  -> (artifact id: 'aa66b3af3dc8f31940c8453800bbfbff') in 0.046573 seconds
  Import took 0.052970 seconds .

========================================================================
Received Import Request.
  Time since last request: 0.440516 seconds.
  path: Assets/Player/Art/Animation/Sprite-0002_Pose-Underarm-Sheet.png
  artifactKey: Guid(3ab802a9cbe02f643b0a9bd88a23c92f) Importer(815301076,1909f56bfc062723c751e8b465ee728b)
Start importing Assets/Player/Art/Animation/Sprite-0002_Pose-Underarm-Sheet.png using Guid(3ab802a9cbe02f643b0a9bd88a23c92f) Importer(815301076,1909f56bfc062723c751e8b465ee728b)  -> (artifact id: 'aa66b3af3dc8f31940c8453800bbfbff') in 0.009337 seconds
  Import took 0.015970 seconds .

========================================================================
Received Import Request.
  Time since last request: 10.647208 seconds.
  path: Assets/Player/Art/Animation/Sprite-0002_Pose-Underarm-Sheet.png
  artifactKey: Guid(3ab802a9cbe02f643b0a9bd88a23c92f) Importer(815301076,1909f56bfc062723c751e8b465ee728b)
Start importing Assets/Player/Art/Animation/Sprite-0002_Pose-Underarm-Sheet.png using Guid(3ab802a9cbe02f643b0a9bd88a23c92f) Importer(815301076,1909f56bfc062723c751e8b465ee728b)  -> (artifact id: '5e4530166bc77bf359f467dad636c739') in 0.102908 seconds
  Import took 0.110046 seconds .

========================================================================
Received Import Request.
  Time since last request: 38.272365 seconds.
  path: Assets/Player
  artifactKey: Guid(66387aa65bdff7948a7abea26956adaf) Importer(815301076,1909f56bfc062723c751e8b465ee728b)
Start importing Assets/Player using Guid(66387aa65bdff7948a7abea26956adaf) Importer(815301076,1909f56bfc062723c751e8b465ee728b)  -> (artifact id: '9ade76c3e55d64d4bc41c85d8261f66d') in 0.004432 seconds
  Import took 0.008830 seconds .

========================================================================
Received Import Request.
  Time since last request: 6.762528 seconds.
  path: Assets/Player/_Abilities
  artifactKey: Guid(90e5b40068805314ea888c86b74d9dcd) Importer(815301076,1909f56bfc062723c751e8b465ee728b)
Start importing Assets/Player/_Abilities using Guid(90e5b40068805314ea888c86b74d9dcd) Importer(815301076,1909f56bfc062723c751e8b465ee728b)  -> (artifact id: 'f7bc0bd33e7a0a6e2c4a31702fa938f1') in 0.003950 seconds
  Import took 0.008732 seconds .

========================================================================
Received Import Request.
  Time since last request: 11.468525 seconds.
  path: Assets/Player/_Abilities/Art
  artifactKey: Guid(d52bf67e78caa9740b13606ab28cc4f7) Importer(815301076,1909f56bfc062723c751e8b465ee728b)
Start importing Assets/Player/_Abilities/Art using Guid(d52bf67e78caa9740b13606ab28cc4f7) Importer(815301076,1909f56bfc062723c751e8b465ee728b)  -> (artifact id: 'e78d594393dd2e05f5d3ed3d42fe20ec') in 0.004052 seconds
  Import took 0.009210 seconds .

========================================================================
Received Import Request.
  Time since last request: 0.000400 seconds.
  path: Assets/Player/_Abilities/Art
  artifactKey: Guid(d52bf67e78caa9740b13606ab28cc4f7) Importer(815301076,1909f56bfc062723c751e8b465ee728b)
Start importing Assets/Player/_Abilities/Art using Guid(d52bf67e78caa9740b13606ab28cc4f7) Importer(815301076,1909f56bfc062723c751e8b465ee728b)  -> (artifact id: 'e78d594393dd2e05f5d3ed3d42fe20ec') in 0.002910 seconds
  Import took 0.007837 seconds .

========================================================================
Received Import Request.
  Time since last request: 11.933723 seconds.
  path: Assets/Player/_Abilities/Art/Earth tree.png
  artifactKey: Guid(829df7492539b0243b19e5741edb4567) Importer(815301076,1909f56bfc062723c751e8b465ee728b)
Start importing Assets/Player/_Abilities/Art/Earth tree.png using Guid(829df7492539b0243b19e5741edb4567) Importer(815301076,1909f56bfc062723c751e8b465ee728b)  -> (artifact id: '2f0c4488ce77de6a8ffe92da91109a75') in 0.007097 seconds
  Import took 0.011632 seconds .

========================================================================
Received Import Request.
  Time since last request: 16.334280 seconds.
  path: Assets/Player/_Abilities/Art/Earth tree.png
  artifactKey: Guid(829df7492539b0243b19e5741edb4567) Importer(815301076,1909f56bfc062723c751e8b465ee728b)
Start importing Assets/Player/_Abilities/Art/Earth tree.png using Guid(829df7492539b0243b19e5741edb4567) Importer(815301076,1909f56bfc062723c751e8b465ee728b)  -> (artifact id: 'ad9cb07759f032e4ed2b50decaf65b59') in 0.011201 seconds
  Import took 0.016006 seconds .

========================================================================
Received Import Request.
  Time since last request: 86.098247 seconds.
  path: Assets/Player/_Abilities/Art/Earth tree.png
  artifactKey: Guid(829df7492539b0243b19e5741edb4567) Importer(815301076,1909f56bfc062723c751e8b465ee728b)
Start importing Assets/Player/_Abilities/Art/Earth tree.png using Guid(829df7492539b0243b19e5741edb4567) Importer(815301076,1909f56bfc062723c751e8b465ee728b)  -> (artifact id: 'ba72c82b07b96079cbff84926a8cc2ea') in 0.026256 seconds
  Import took 0.033455 seconds .

========================================================================
Received Prepare
Registering precompiled user dll's ...
Registered in 0.001281 seconds.
Begin MonoManager ReloadAssembly
Native extension for WindowsStandalone target not found
Refreshing native plugins compatible for Editor in 0.60 ms, found 0 plugins.
Preloading 0 native plugins for Editor in 0.00 ms.
Mono: successfully reloaded assembly
- Completed reload, in  0.996 seconds
Platform modules already initialized, skipping
Switching build target platform(5) subTarget(0) extendedPlatform(0) -> platform(13) subTarget(537395200) extendedPlatform(0)
Shader 'Universal Render Pipeline/Particles/Lit': fallback shader 'Universal Render Pipeline/Particles/SimpleLit' not found
Refreshing native plugins compatible for Editor in 0.65 ms, found 0 plugins.
Preloading 0 native plugins for Editor in 0.00 ms.
Unloading 3085 Unused Serialized files (Serialized files now loaded: 0)
System memory in use before: 210.5 MB.
System memory in use after: 210.7 MB.

Unloading 134 unused Assets to reduce memory usage. Loaded Objects now: 3687.
Total: 2.520900 ms (FindLiveObjects: 0.268700 ms CreateObjectMapping: 0.111700 ms MarkObjects: 2.039100 ms  DeleteObjects: 0.100700 ms)

AssetImportParameters requested are different than current active one (requested -> active):
  custom:graphics/normal-map-encoding: 01000000000000000000000000000000 -> 02000000000000000000000000000000
AssetImportWorkerClient::OnTransportError - code=2 error=End of file
